Arguments:
  C:\Program Files\nodejs\node.exe C:\Users\akin\AppData\Roaming\npm\node_modules\yarn\bin\yarn.js add --dev @typescript-eslint/parset @typescript-eslint/eslint-plugin eslint

PATH:
  C:\Program Files\Common Files\Oracle\Java\javapath;C:\Program Files (x86)\Common Files\Oracle\Java\javapath;C:\Python310\Scripts\;C:\Python310\;C:\Windows\system32;C:\Windows;C:\Windows\System32\Wbem;C:\Windows\System32\WindowsPowerShell\v1.0\;C:\Windows\System32\OpenSSH\;C:\Program Files\nodejs\;C:\ProgramData\chocolatey\bin;C:\Program Files\Git\cmd;C:\composer;C:\Program Files\Docker\Docker\resources\bin;C:\ProgramData\DockerDesktop\version-bin;C:\Users\akin\scoop\apps\oh-my-posh\current\bin;C:\Users\akin\scoop\apps\gcc\current\bin;C:\Users\akin\scoop\shims;C:\Users\akin\AppData\Local\Microsoft\WindowsApps;C:\Users\akin\AppData\Roaming\npm;C:\Users\akin\AppData\Local\Programs\Microsoft VS Code\bin;C:\Program Files\Git\bin;C:\Program Files\JetBrains\WebStorm 2022.2.2\bin;C:\Program Files\JetBrains\PhpStorm 2022.2.2\bin;C:\xampp\php;C:\Users\akin\AppData\Roaming\Composer\vendor\bin;C:\Program Files\PostgreSQL\14\bin;C:\Users\akin\RabbitBackend\rbbt-maps-api\node_modules\.bin

Yarn version:
  1.22.19

Node version:
  16.17.1

Platform:
  win32 x64

Trace:
  Error: https://registry.yarnpkg.com/@typescript-eslint%2fparset: Not found
      at Request.params.callback [as _callback] (C:\Users\akin\AppData\Roaming\npm\node_modules\yarn\lib\cli.js:66145:18)
      at Request.self.callback (C:\Users\akin\AppData\Roaming\npm\node_modules\yarn\lib\cli.js:140890:22)
      at Request.emit (node:events:513:28)
      at Request.<anonymous> (C:\Users\akin\AppData\Roaming\npm\node_modules\yarn\lib\cli.js:141862:10)
      at Request.emit (node:events:513:28)
      at IncomingMessage.<anonymous> (C:\Users\akin\AppData\Roaming\npm\node_modules\yarn\lib\cli.js:141784:12)
      at Object.onceWrapper (node:events:627:28)
      at IncomingMessage.emit (node:events:525:35)
      at endReadableNT (node:internal/streams/readable:1358:12)
      at processTicksAndRejections (node:internal/process/task_queues:83:21)

npm manifest:
  {
    "name": "rbbt-maps-api",
    "version": "1.0.0",
    "description": "Rabbit Maps API",
    "main": "index.ts",
    "scripts": {
      "start": "nodemon index.ts"
    },
    "author": "akin.koc@rbbt.com.tr",
    "license": "MIT",
    "dependencies": {
      "@googlemaps/google-maps-services-js": "^3.3.16",
      "@googlemaps/js-api-loader": "^1.14.3",
      "dotenv": "^16.0.3",
      "express": "^4.18.2"
    },
    "devDependencies": {
      "@types/express": "^4.17.14",
      "@types/node": "^18.11.3",
      "nodemon": "^2.0.20",
      "typescript": "^4.8.4"
    }
  }

yarn manifest:
  No manifest

Lockfile:
  No lockfile
